<?xml version="1.0" encoding="utf-8" standalone="no"?>
<!--This file represents the results of running a test suite-->
<test-results name="C:\Users\tochevg\From Old\C Sharp\Validata\ValidataCodingTask\ValidataCodingTask\bin\Debug\ValidataCodingTask.exe" total="12" errors="0" failures="0" not-run="0" inconclusive="0" ignored="0" skipped="0" invalid="0" date="2015-10-23" time="11:34:50">
  <environment nunit-version="2.6.4.14350" clr-version="2.0.50727.5485" os-version="Microsoft Windows NT 6.1.7601 Service Pack 1" platform="Win32NT" cwd="C:\Program Files (x86)\NUnit 2.6.4\bin" machine-name="TOCHEVG1" user="tochevg" user-domain="EMEA" />
  <culture-info current-culture="en-US" current-uiculture="en-US" />
  <test-suite type="Assembly" name="C:\Users\tochevg\From Old\C Sharp\Validata\ValidataCodingTask\ValidataCodingTask\bin\Debug\ValidataCodingTask.exe" executed="True" result="Success" success="True" time="0.047" asserts="0">
    <results>
      <test-suite type="Namespace" name="ValidataCodingTask" executed="True" result="Success" success="True" time="0.047" asserts="0">
        <results>
          <test-suite type="TestFixture" name="PhoneBookCreatorTests" executed="True" result="Success" success="True" time="0.010" asserts="0">
            <results>
              <test-case name="ValidataCodingTask.PhoneBookCreatorTests.CreateNewPhoneBookTest" executed="True" result="Success" success="True" time="0.000" asserts="2" />
              <test-case name="ValidataCodingTask.PhoneBookCreatorTests.SavePhoneBookTest" executed="True" result="Success" success="True" time="0.004" asserts="5" />
            </results>
          </test-suite>
          <test-suite type="TestFixture" name="PhoneBookTests" executed="True" result="Success" success="True" time="0.034" asserts="0">
            <results>
              <test-case name="ValidataCodingTask.PhoneBookTests.AddPhoneToUserTest" executed="True" result="Success" success="True" time="0.002" asserts="0" />
              <test-case name="ValidataCodingTask.PhoneBookTests.CreatePhoneBookDupliacteEntryTest" executed="True" result="Success" success="True" time="0.001" asserts="0" />
              <test-case name="ValidataCodingTask.PhoneBookTests.CreatePhoneBookEntryNullFirstNameTest" executed="True" result="Success" success="True" time="0.001" asserts="0" />
              <test-case name="ValidataCodingTask.PhoneBookTests.CreatePhoneBookEntryNullLastNameTest" executed="True" result="Success" success="True" time="0.001" asserts="0" />
              <test-case name="ValidataCodingTask.PhoneBookTests.CreatePhoneBookEntryTest" executed="True" result="Success" success="True" time="0.000" asserts="2" />
              <test-case name="ValidataCodingTask.PhoneBookTests.DeleteEntryByFirstAndLastNameTest" executed="True" result="Success" success="True" time="0.001" asserts="0" />
              <test-case name="ValidataCodingTask.PhoneBookTests.DeletePhoneFromUserTest" executed="True" result="Success" success="True" time="0.001" asserts="0" />
              <test-case name="ValidataCodingTask.PhoneBookTests.EditeUserNameTest" executed="True" result="Success" success="True" time="0.001" asserts="0" />
              <test-case name="ValidataCodingTask.PhoneBookTests.EditPhoneNumberTest" executed="True" result="Success" success="True" time="0.001" asserts="0" />
              <test-case name="ValidataCodingTask.PhoneBookTests.EditPhoneNumberUserTest" executed="True" result="Success" success="True" time="0.001" asserts="0" />
            </results>
          </test-suite>
        </results>
      </test-suite>
    </results>
  </test-suite>
</test-results>